<?xml version="1.0" encoding="UTF-8"?>
<!-- Generated by org.testng.reporters.JUnitReportReporter -->
<testsuite hostname="ri-dev-rudra" failures="0" tests="1" name="cucumberOptions.TestRunner" time="12.506" errors="0" timestamp="2024-02-12T15:03:31 IST" skipped="0">
  <testcase classname="cucumberOptions.TestRunner" name="runScenario" time="12.506"/>
  <system-out/>
</testsuite> <!-- cucumberOptions.TestRunner -->
